

Started GET "/" for 50.250.129.121 at 2015-02-24 01:37:32 +0000

ActiveRecord::PendingMigrationError (

Migrations are pending. To resolve this issue, run:

	bin/rake db:migrate RAILS_ENV=development

):
  activerecord (4.1.6) lib/active_record/migration.rb:389:in `check_pending!'
  activerecord (4.1.6) lib/active_record/migration.rb:377:in `call'
  actionpack (4.1.6) lib/action_dispatch/middleware/callbacks.rb:29:in `block in call'
  activesupport (4.1.6) lib/active_support/callbacks.rb:82:in `run_callbacks'
  actionpack (4.1.6) lib/action_dispatch/middleware/callbacks.rb:27:in `call'
  actionpack (4.1.6) lib/action_dispatch/middleware/reloader.rb:73:in `call'
  actionpack (4.1.6) lib/action_dispatch/middleware/remote_ip.rb:76:in `call'
  actionpack (4.1.6) lib/action_dispatch/middleware/debug_exceptions.rb:17:in `call'
  actionpack (4.1.6) lib/action_dispatch/middleware/show_exceptions.rb:30:in `call'
  railties (4.1.6) lib/rails/rack/logger.rb:38:in `call_app'
  railties (4.1.6) lib/rails/rack/logger.rb:20:in `block in call'
  activesupport (4.1.6) lib/active_support/tagged_logging.rb:68:in `block in tagged'
  activesupport (4.1.6) lib/active_support/tagged_logging.rb:26:in `tagged'
  activesupport (4.1.6) lib/active_support/tagged_logging.rb:68:in `tagged'
  railties (4.1.6) lib/rails/rack/logger.rb:20:in `call'
  actionpack (4.1.6) lib/action_dispatch/middleware/request_id.rb:21:in `call'
  rack (1.5.2) lib/rack/methodoverride.rb:21:in `call'
  rack (1.5.2) lib/rack/runtime.rb:17:in `call'
  activesupport (4.1.6) lib/active_support/cache/strategy/local_cache_middleware.rb:26:in `call'
  rack (1.5.2) lib/rack/lock.rb:17:in `call'
  actionpack (4.1.6) lib/action_dispatch/middleware/static.rb:64:in `call'
  rack (1.5.2) lib/rack/sendfile.rb:112:in `call'
  railties (4.1.6) lib/rails/engine.rb:514:in `call'
  railties (4.1.6) lib/rails/application.rb:144:in `call'
  rack (1.5.2) lib/rack/lock.rb:17:in `call'
  rack (1.5.2) lib/rack/content_length.rb:14:in `call'
  rack (1.5.2) lib/rack/handler/webrick.rb:60:in `service'
  /usr/local/rvm/rubies/ruby-2.1.5/lib/ruby/2.1.0/webrick/httpserver.rb:138:in `service'
  /usr/local/rvm/rubies/ruby-2.1.5/lib/ruby/2.1.0/webrick/httpserver.rb:94:in `run'
  /usr/local/rvm/rubies/ruby-2.1.5/lib/ruby/2.1.0/webrick/server.rb:295:in `block in start_thread'


  Rendered /usr/local/rvm/gems/ruby-2.1.5@rails4/gems/actionpack-4.1.6/lib/action_dispatch/middleware/templates/rescues/_source.erb (0.7ms)
  Rendered /usr/local/rvm/gems/ruby-2.1.5@rails4/gems/actionpack-4.1.6/lib/action_dispatch/middleware/templates/rescues/_trace.html.erb (1.2ms)
  Rendered /usr/local/rvm/gems/ruby-2.1.5@rails4/gems/actionpack-4.1.6/lib/action_dispatch/middleware/templates/rescues/_request_and_response.html.erb (1.1ms)
  Rendered /usr/local/rvm/gems/ruby-2.1.5@rails4/gems/actionpack-4.1.6/lib/action_dispatch/middleware/templates/rescues/diagnostics.erb within rescues/layout (137.7ms)
  [1m[36m (10.5ms)[0m  [1mCREATE TABLE "schema_migrations" ("version" varchar(255) NOT NULL) [0m
  [1m[35m (0.2ms)[0m  select sqlite_version(*)
  [1m[36m (7.6ms)[0m  [1mCREATE UNIQUE INDEX "unique_schema_migrations" ON "schema_migrations" ("version")[0m
  [1m[35mActiveRecord::SchemaMigration Load (0.1ms)[0m  SELECT "schema_migrations".* FROM "schema_migrations"
Migrating to CreateArticles (20150221213412)
  [1m[36m (0.1ms)[0m  [1mbegin transaction[0m
  [1m[35m (0.4ms)[0m  CREATE TABLE "articles" ("id" INTEGER PRIMARY KEY AUTOINCREMENT NOT NULL, "title" varchar(255), "body" text, "created_at" datetime, "updated_at" datetime) 
  [1m[36mSQL (0.2ms)[0m  [1mINSERT INTO "schema_migrations" ("version") VALUES (?)[0m  [["version", "20150221213412"]]
  [1m[35m (9.4ms)[0m  commit transaction
Migrating to CreateComments (20150222040226)
  [1m[36m (0.1ms)[0m  [1mbegin transaction[0m
  [1m[35m (0.4ms)[0m  CREATE TABLE "comments" ("id" INTEGER PRIMARY KEY AUTOINCREMENT NOT NULL, "author_name" varchar(255), "body" text, "article_id" integer, "created_at" datetime, "updated_at" datetime) 
  [1m[36m (0.2ms)[0m  [1mCREATE  INDEX "index_comments_on_article_id" ON "comments" ("article_id")[0m
  [1m[35mSQL (0.1ms)[0m  INSERT INTO "schema_migrations" ("version") VALUES (?)  [["version", "20150222040226"]]
  [1m[36m (8.4ms)[0m  [1mcommit transaction[0m
Migrating to CreateTags (20150222194507)
  [1m[35m (0.1ms)[0m  begin transaction
  [1m[36m (0.4ms)[0m  [1mCREATE TABLE "tags" ("id" INTEGER PRIMARY KEY AUTOINCREMENT NOT NULL, "name" varchar(255), "created_at" datetime, "updated_at" datetime) [0m
  [1m[35mSQL (0.1ms)[0m  INSERT INTO "schema_migrations" ("version") VALUES (?)  [["version", "20150222194507"]]
  [1m[36m (9.7ms)[0m  [1mcommit transaction[0m
Migrating to CreateTaggings (20150222194553)
  [1m[35m (0.1ms)[0m  begin transaction
  [1m[36m (0.3ms)[0m  [1mCREATE TABLE "taggings" ("id" INTEGER PRIMARY KEY AUTOINCREMENT NOT NULL, "tag_id" integer, "article_id" integer, "created_at" datetime, "updated_at" datetime) [0m
  [1m[35m (0.1ms)[0m  CREATE  INDEX "index_taggings_on_tag_id" ON "taggings" ("tag_id")
  [1m[36m (0.1ms)[0m  [1m            SELECT sql
            FROM sqlite_master
            WHERE name='index_taggings_on_tag_id' AND type='index'
            UNION ALL
            SELECT sql
            FROM sqlite_temp_master
            WHERE name='index_taggings_on_tag_id' AND type='index'
[0m
  [1m[35m (0.1ms)[0m  CREATE  INDEX "index_taggings_on_article_id" ON "taggings" ("article_id")
  [1m[36mSQL (0.1ms)[0m  [1mINSERT INTO "schema_migrations" ("version") VALUES (?)[0m  [["version", "20150222194553"]]
  [1m[35m (6.9ms)[0m  commit transaction
Migrating to AddPaperclipFieldsToArticle (20150223021857)
  [1m[36m (0.1ms)[0m  [1mbegin transaction[0m
  [1m[35m (0.4ms)[0m  ALTER TABLE "articles" ADD "image_file_name" varchar(255)
  [1m[36m (0.2ms)[0m  [1mALTER TABLE "articles" ADD "image_content_type" varchar(255)[0m
  [1m[35m (0.2ms)[0m  ALTER TABLE "articles" ADD "image_file_size" integer
  [1m[36m (0.2ms)[0m  [1mALTER TABLE "articles" ADD "image_updated_at" datetime[0m
  [1m[35mSQL (0.1ms)[0m  INSERT INTO "schema_migrations" ("version") VALUES (?)  [["version", "20150223021857"]]
  [1m[36m (8.5ms)[0m  [1mcommit transaction[0m
  [1m[35mActiveRecord::SchemaMigration Load (0.2ms)[0m  SELECT "schema_migrations".* FROM "schema_migrations"
  [1m[36m (0.2ms)[0m  [1m            SELECT sql
            FROM sqlite_master
            WHERE name='index_comments_on_article_id' AND type='index'
            UNION ALL
            SELECT sql
            FROM sqlite_temp_master
            WHERE name='index_comments_on_article_id' AND type='index'
[0m
  [1m[35m (0.1ms)[0m              SELECT sql
            FROM sqlite_master
            WHERE name='index_taggings_on_article_id' AND type='index'
            UNION ALL
            SELECT sql
            FROM sqlite_temp_master
            WHERE name='index_taggings_on_article_id' AND type='index'

  [1m[36m (0.1ms)[0m  [1m            SELECT sql
            FROM sqlite_master
            WHERE name='index_taggings_on_tag_id' AND type='index'
            UNION ALL
            SELECT sql
            FROM sqlite_temp_master
            WHERE name='index_taggings_on_tag_id' AND type='index'
[0m


Started GET "/" for 50.250.129.121 at 2015-02-24 01:38:30 +0000
  [1m[36mActiveRecord::SchemaMigration Load (0.2ms)[0m  [1mSELECT "schema_migrations".* FROM "schema_migrations"[0m
Processing by ArticlesController#index as HTML
  [1m[35mArticle Load (0.3ms)[0m  SELECT "articles".* FROM "articles"
  Rendered articles/index.html.erb within layouts/application (20.6ms)
Completed 200 OK in 2194ms (Views: 2091.6ms | ActiveRecord: 0.3ms)


Started GET "/assets/comments.css?body=1" for 50.250.129.121 at 2015-02-24 01:38:33 +0000


Started GET "/assets/articles.css?body=1" for 50.250.129.121 at 2015-02-24 01:38:33 +0000


Started GET "/assets/screen.css?body=1" for 50.250.129.121 at 2015-02-24 01:38:33 +0000


Started GET "/assets/styles.css?body=1" for 50.250.129.121 at 2015-02-24 01:38:33 +0000


Started GET "/assets/jquery_ujs.js?body=1" for 50.250.129.121 at 2015-02-24 01:38:33 +0000


Started GET "/assets/tags.css?body=1" for 50.250.129.121 at 2015-02-24 01:38:33 +0000


Started GET "/assets/application.css?body=1" for 50.250.129.121 at 2015-02-24 01:38:33 +0000


Started GET "/assets/turbolinks.js?body=1" for 50.250.129.121 at 2015-02-24 01:38:33 +0000


Started GET "/assets/articles.js?body=1" for 50.250.129.121 at 2015-02-24 01:38:33 +0000


Started GET "/assets/comments.js?body=1" for 50.250.129.121 at 2015-02-24 01:38:33 +0000


Started GET "/assets/tags.js?body=1" for 50.250.129.121 at 2015-02-24 01:38:33 +0000


Started GET "/assets/application.js?body=1" for 50.250.129.121 at 2015-02-24 01:38:33 +0000


Started GET "/assets/jquery.js?body=1" for 50.250.129.121 at 2015-02-24 01:38:33 +0000


Started GET "/articles/new" for 50.250.129.121 at 2015-02-24 01:38:47 +0000
Processing by ArticlesController#new as HTML
  Rendered articles/_form.html.erb (80.6ms)
  Rendered articles/new.html.erb within layouts/application (93.3ms)
Completed 200 OK in 184ms (Views: 178.5ms | ActiveRecord: 1.2ms)


Started POST "/articles" for 50.250.129.121 at 2015-02-24 01:39:07 +0000
Processing by ArticlesController#create as HTML
  Parameters: {"utf8"=>"✓", "authenticity_token"=>"jRF5srsFS9BkFPz+sL5F0zv5khgvNEnOF3U8zDlbaf4=", "article"=>{"title"=>"Test Article", "body"=>"Test Article Body", "tag_list"=>"Test"}, "commit"=>"Create Article"}
  [1m[36mTag Load (0.2ms)[0m  [1mSELECT  "tags".* FROM "tags"  WHERE "tags"."name" = 'test' LIMIT 1[0m
  [1m[35m (0.2ms)[0m  begin transaction
  [1m[36mSQL (0.6ms)[0m  [1mINSERT INTO "tags" ("created_at", "name", "updated_at") VALUES (?, ?, ?)[0m  [["created_at", "2015-02-24 01:39:07.746936"], ["name", "test"], ["updated_at", "2015-02-24 01:39:07.746936"]]
  [1m[35m (8.3ms)[0m  commit transaction
  [1m[36m (0.1ms)[0m  [1mbegin transaction[0m
  [1m[35mSQL (0.5ms)[0m  INSERT INTO "articles" ("body", "created_at", "title", "updated_at") VALUES (?, ?, ?, ?)  [["body", "Test Article Body"], ["created_at", "2015-02-24 01:39:07.807434"], ["title", "Test Article"], ["updated_at", "2015-02-24 01:39:07.807434"]]
  [1m[36mSQL (0.2ms)[0m  [1mINSERT INTO "taggings" ("article_id", "created_at", "tag_id", "updated_at") VALUES (?, ?, ?, ?)[0m  [["article_id", 1], ["created_at", "2015-02-24 01:39:07.809346"], ["tag_id", 1], ["updated_at", "2015-02-24 01:39:07.809346"]]
  [1m[35m (9.2ms)[0m  commit transaction
Redirected to https://heroku-jumpstart-blogger-albatross7817.c9.io/articles/1
Completed 302 Found in 100ms (ActiveRecord: 20.0ms)


Started GET "/articles/1" for 50.250.129.121 at 2015-02-24 01:39:07 +0000
Processing by ArticlesController#show as HTML
  Parameters: {"id"=>"1"}
  [1m[36mArticle Load (0.3ms)[0m  [1mSELECT  "articles".* FROM "articles"  WHERE "articles"."id" = ? LIMIT 1[0m  [["id", 1]]
  [1m[35mTag Load (0.3ms)[0m  SELECT "tags".* FROM "tags" INNER JOIN "taggings" ON "tags"."id" = "taggings"."tag_id" WHERE "taggings"."article_id" = ?  [["article_id", 1]]
  [1m[36m (0.2ms)[0m  [1mSELECT COUNT(*) FROM "comments"  WHERE "comments"."article_id" = ?[0m  [["article_id", 1]]
  Rendered articles/_comment.html.erb (0.0ms)
  Rendered comments/_form.html.erb (7.5ms)
  Rendered articles/show.html.erb within layouts/application (29.5ms)
Completed 200 OK in 109ms (Views: 100.1ms | ActiveRecord: 1.2ms)


Started GET "/articles" for 50.250.129.121 at 2015-02-24 01:39:12 +0000
Processing by ArticlesController#index as HTML
  [1m[35mArticle Load (0.3ms)[0m  SELECT "articles".* FROM "articles"
  Rendered articles/index.html.erb within layouts/application (1.8ms)
Completed 200 OK in 85ms (Views: 83.6ms | ActiveRecord: 0.3ms)
  [1m[36mActiveRecord::SchemaMigration Load (0.1ms)[0m  [1mSELECT "schema_migrations".* FROM "schema_migrations"[0m
  [1m[35mActiveRecord::SchemaMigration Load (0.2ms)[0m  SELECT "schema_migrations".* FROM "schema_migrations"
  [1m[36m (0.3ms)[0m  [1m            SELECT sql
            FROM sqlite_master
            WHERE name='index_comments_on_article_id' AND type='index'
            UNION ALL
            SELECT sql
            FROM sqlite_temp_master
            WHERE name='index_comments_on_article_id' AND type='index'
[0m
  [1m[35m (0.2ms)[0m              SELECT sql
            FROM sqlite_master
            WHERE name='index_taggings_on_article_id' AND type='index'
            UNION ALL
            SELECT sql
            FROM sqlite_temp_master
            WHERE name='index_taggings_on_article_id' AND type='index'

  [1m[36m (0.1ms)[0m  [1m            SELECT sql
            FROM sqlite_master
            WHERE name='index_taggings_on_tag_id' AND type='index'
            UNION ALL
            SELECT sql
            FROM sqlite_temp_master
            WHERE name='index_taggings_on_tag_id' AND type='index'
[0m


Started GET "/" for 50.250.129.121 at 2015-02-24 01:57:44 +0000
  [1m[36mActiveRecord::SchemaMigration Load (0.2ms)[0m  [1mSELECT "schema_migrations".* FROM "schema_migrations"[0m
Processing by ArticlesController#index as HTML
  [1m[35mArticle Load (0.3ms)[0m  SELECT "articles".* FROM "articles"
  Rendered articles/index.html.erb within layouts/application (26.7ms)
Completed 200 OK in 193ms (Views: 167.1ms | ActiveRecord: 0.9ms)


Started GET "/assets/application.css?body=1" for 50.250.129.121 at 2015-02-24 01:57:44 +0000


Started GET "/assets/screen.css?body=1" for 50.250.129.121 at 2015-02-24 01:57:44 +0000


Started GET "/assets/comments.css?body=1" for 50.250.129.121 at 2015-02-24 01:57:44 +0000


Started GET "/assets/tags.css?body=1" for 50.250.129.121 at 2015-02-24 01:57:44 +0000


Started GET "/assets/articles.css?body=1" for 50.250.129.121 at 2015-02-24 01:57:44 +0000


Started GET "/assets/styles.css?body=1" for 50.250.129.121 at 2015-02-24 01:57:44 +0000


Started GET "/assets/jquery_ujs.js?body=1" for 50.250.129.121 at 2015-02-24 01:57:44 +0000


Started GET "/assets/articles.js?body=1" for 50.250.129.121 at 2015-02-24 01:57:45 +0000


Started GET "/assets/comments.js?body=1" for 50.250.129.121 at 2015-02-24 01:57:45 +0000


Started GET "/assets/turbolinks.js?body=1" for 50.250.129.121 at 2015-02-24 01:57:45 +0000


Started GET "/assets/tags.js?body=1" for 50.250.129.121 at 2015-02-24 01:57:45 +0000


Started GET "/assets/jquery.js?body=1" for 50.250.129.121 at 2015-02-24 01:57:45 +0000


Started GET "/assets/application.js?body=1" for 50.250.129.121 at 2015-02-24 01:57:45 +0000


Started GET "/" for 50.155.252.100 at 2015-02-26 04:14:24 +0000
  [1m[36mActiveRecord::SchemaMigration Load (0.2ms)[0m  [1mSELECT "schema_migrations".* FROM "schema_migrations"[0m
Processing by ArticlesController#index as HTML
  [1m[35mArticle Load (0.3ms)[0m  SELECT "articles".* FROM "articles"
  Rendered articles/index.html.erb within layouts/application (27.9ms)
Completed 200 OK in 267ms (Views: 240.9ms | ActiveRecord: 0.8ms)


Started GET "/assets/articles.css?body=1" for 50.155.252.100 at 2015-02-26 04:14:25 +0000


Started GET "/assets/comments.css?body=1" for 50.155.252.100 at 2015-02-26 04:14:25 +0000


Started GET "/assets/jquery_ujs.js?body=1" for 50.155.252.100 at 2015-02-26 04:14:25 +0000


Started GET "/assets/jquery.js?body=1" for 50.155.252.100 at 2015-02-26 04:14:25 +0000


Started GET "/assets/application.css?body=1" for 50.155.252.100 at 2015-02-26 04:14:25 +0000


Started GET "/assets/tags.css?body=1" for 50.155.252.100 at 2015-02-26 04:14:25 +0000


Started GET "/assets/screen.css?body=1" for 50.155.252.100 at 2015-02-26 04:14:25 +0000


Started GET "/assets/styles.css?body=1" for 50.155.252.100 at 2015-02-26 04:14:25 +0000


Started GET "/assets/turbolinks.js?body=1" for 50.155.252.100 at 2015-02-26 04:14:25 +0000


Started GET "/assets/articles.js?body=1" for 50.155.252.100 at 2015-02-26 04:14:25 +0000


Started GET "/assets/comments.js?body=1" for 50.155.252.100 at 2015-02-26 04:14:25 +0000


Started GET "/assets/application.js?body=1" for 50.155.252.100 at 2015-02-26 04:14:25 +0000


Started GET "/assets/tags.js?body=1" for 50.155.252.100 at 2015-02-26 04:14:25 +0000


Started GET "/articles/1" for 50.155.252.100 at 2015-02-26 04:14:30 +0000
Processing by ArticlesController#show as HTML
  Parameters: {"id"=>"1"}
  [1m[36mArticle Load (0.6ms)[0m  [1mSELECT  "articles".* FROM "articles"  WHERE "articles"."id" = ? LIMIT 1[0m  [["id", 1]]
  [1m[35mTag Load (0.3ms)[0m  SELECT "tags".* FROM "tags" INNER JOIN "taggings" ON "tags"."id" = "taggings"."tag_id" WHERE "taggings"."article_id" = ?  [["article_id", 1]]
  [1m[36m (0.2ms)[0m  [1mSELECT COUNT(*) FROM "comments"  WHERE "comments"."article_id" = ?[0m  [["article_id", 1]]
  Rendered articles/_comment.html.erb (0.0ms)
  Rendered comments/_form.html.erb (19.1ms)
  Rendered articles/show.html.erb within layouts/application (81.2ms)
Completed 200 OK in 215ms (Views: 183.3ms | ActiveRecord: 2.4ms)


Started GET "/tags/1" for 50.155.252.100 at 2015-02-26 04:14:36 +0000
Processing by TagsController#show as HTML
  Parameters: {"id"=>"1"}
  [1m[35mTag Load (0.3ms)[0m  SELECT  "tags".* FROM "tags"  WHERE "tags"."id" = ? LIMIT 1  [["id", 1]]
  [1m[36mArticle Load (0.5ms)[0m  [1mSELECT "articles".* FROM "articles" INNER JOIN "taggings" ON "articles"."id" = "taggings"."article_id" WHERE "taggings"."tag_id" = ?[0m  [["tag_id", 1]]
  Rendered tags/show.html.erb within layouts/application (8.9ms)
Completed 200 OK in 143ms (Views: 140.0ms | ActiveRecord: 0.8ms)


Started GET "/articles" for 50.155.252.100 at 2015-02-26 04:14:59 +0000
Processing by ArticlesController#index as HTML
  [1m[35mArticle Load (0.5ms)[0m  SELECT "articles".* FROM "articles"
  Rendered articles/index.html.erb within layouts/application (6.0ms)
Completed 200 OK in 101ms (Views: 97.1ms | ActiveRecord: 0.5ms)


Started GET "/articles/1" for 50.155.252.100 at 2015-02-26 04:18:25 +0000
Processing by ArticlesController#show as HTML
  Parameters: {"id"=>"1"}
  [1m[36mArticle Load (0.5ms)[0m  [1mSELECT  "articles".* FROM "articles"  WHERE "articles"."id" = ? LIMIT 1[0m  [["id", 1]]
  [1m[35mTag Load (0.3ms)[0m  SELECT "tags".* FROM "tags" INNER JOIN "taggings" ON "tags"."id" = "taggings"."tag_id" WHERE "taggings"."article_id" = ?  [["article_id", 1]]
  [1m[36m (0.2ms)[0m  [1mSELECT COUNT(*) FROM "comments"  WHERE "comments"."article_id" = ?[0m  [["article_id", 1]]
  Rendered articles/_comment.html.erb (0.0ms)
  Rendered comments/_form.html.erb (6.6ms)
  Rendered articles/show.html.erb within layouts/application (16.2ms)
Completed 200 OK in 154ms (Views: 144.7ms | ActiveRecord: 0.9ms)


Started GET "/tags/1" for 50.155.252.100 at 2015-02-26 04:18:27 +0000
Processing by TagsController#show as HTML
  Parameters: {"id"=>"1"}
  [1m[35mTag Load (0.2ms)[0m  SELECT  "tags".* FROM "tags"  WHERE "tags"."id" = ? LIMIT 1  [["id", 1]]
  [1m[36mArticle Load (0.2ms)[0m  [1mSELECT "articles".* FROM "articles" INNER JOIN "taggings" ON "articles"."id" = "taggings"."article_id" WHERE "taggings"."tag_id" = ?[0m  [["tag_id", 1]]
  Rendered tags/show.html.erb within layouts/application (3.1ms)
Completed 200 OK in 76ms (Views: 73.7ms | ActiveRecord: 0.4ms)


Started GET "/tags" for 50.155.252.100 at 2015-02-26 04:18:29 +0000
Processing by TagsController#index as HTML
  [1m[35mTag Load (1.0ms)[0m  SELECT "tags".* FROM "tags"
  Rendered tags/index.html.erb within layouts/application (3.6ms)
Completed 200 OK in 102ms (Views: 99.1ms | ActiveRecord: 1.0ms)


Started GET "/tags/1" for 50.155.252.100 at 2015-02-26 04:18:36 +0000
Processing by TagsController#show as HTML
  Parameters: {"id"=>"1"}
  [1m[36mTag Load (0.4ms)[0m  [1mSELECT  "tags".* FROM "tags"  WHERE "tags"."id" = ? LIMIT 1[0m  [["id", 1]]
  [1m[35mArticle Load (0.2ms)[0m  SELECT "articles".* FROM "articles" INNER JOIN "taggings" ON "articles"."id" = "taggings"."article_id" WHERE "taggings"."tag_id" = ?  [["tag_id", 1]]
  Rendered tags/show.html.erb within layouts/application (3.1ms)
Completed 200 OK in 106ms (Views: 101.1ms | ActiveRecord: 0.6ms)
